<?xml version="1.0" encoding="UTF-8"?>
<!-- Generated by org.testng.reporters.JUnitXMLReporter -->
<testsuite ignored="0" hostname="pablos-mbp.gdl.mex.ibm.com" failures="1" tests="3" name="VerifyJobs" time="29.157" errors="0" timestamp="2022-03-30T09:57:25 CST">
  <testcase classname="com.herokuapp.theinternet.FedrampAH" name="JobControlPanel" time="0.003"/>
  <testcase classname="com.herokuapp.theinternet.FedrampAH" name="LoginPage" time="0.0">
    <failure type="org.testng.TestNGException" message="
Parameter &amp;apos;cnum&amp;apos; is required by @Test on method LoginPage but has not been marked @Optional or defined
in /Users/pablopena/eclipse-workspace/selenium-for-beginners/src/test/resources/TestSuites/FedRampTests.xml">
      <![CDATA[org.testng.TestNGException: 
Parameter 'cnum' is required by @Test on method LoginPage but has not been marked @Optional or defined
in /Users/pablopena/eclipse-workspace/selenium-for-beginners/src/test/resources/TestSuites/FedRampTests.xml
at java.base/java.util.ArrayList.forEach(ArrayList.java:1511)
... Removed 26 stack frames]]>
    </failure>
  </testcase> <!-- LoginPage -->
  <testcase classname="com.herokuapp.theinternet.FedrampAH" name="verifyUserRequest" time="6.53"/>
</testsuite> <!-- VerifyJobs -->
