<?xml version="1.0" encoding="UTF-8"?>
<!-- Generated by org.testng.reporters.JUnitReportReporter -->
<testsuite hostname="MacBook-Pro.local" failures="0" tests="1" name="runnerclass.TestRunnerDemo" time="40.970" errors="1" timestamp="2022-07-25T11:33:06 CDT" skipped="0">
  <testcase classname="runnerclass.TestRunnerDemo" name="runScenario" time="40.970">
    <error message="Unable to find element with locator By.xpath: //*[@id=&quot;root&quot;]/div/div[1]/div/div/div[1]/div[2]/div/a[3]/div
For documentation on this error, please visit: https://selenium.dev/exceptions/#no_such_element
Build info: version: &#039;4.1.1&#039;, revision: &#039;e8fcc2cecf&#039;
System info: host: &#039;MacBook-Pro.local&#039;, ip: &#039;2806:102e:12:330f:fdf0:4b:6533:f357%en0&#039;, os.name: &#039;Mac OS X&#039;, os.arch: &#039;x86_64&#039;, os.version: &#039;12.4&#039;, java.version: &#039;17.0.1&#039;
Driver info: driver.version: RemoteWebDriver" type="org.openqa.selenium.NoSuchElementException">
      <![CDATA[org.openqa.selenium.NoSuchElementException: Unable to find element with locator By.xpath: //*[@id="root"]/div/div[1]/div/div/div[1]/div[2]/div/a[3]/div
For documentation on this error, please visit: https://selenium.dev/exceptions/#no_such_element
Build info: version: '4.1.1', revision: 'e8fcc2cecf'
System info: host: 'MacBook-Pro.local', ip: '2806:102e:12:330f:fdf0:4b:6533:f357%en0', os.name: 'Mac OS X', os.arch: 'x86_64', os.version: '12.4', java.version: '17.0.1'
Driver info: driver.version: RemoteWebDriver
at org.openqa.selenium.remote.ElementLocation$ElementFinder$2.findElement(ElementLocation.java:165)
at org.openqa.selenium.remote.ElementLocation.findElement(ElementLocation.java:60)
at org.openqa.selenium.remote.RemoteWebDriver.findElement(RemoteWebDriver.java:367)
at org.openqa.selenium.remote.RemoteWebDriver.findElement(RemoteWebDriver.java:359)
at com.accesshub.qa.stepdefinitions.Stepdefinition.approve_the_request_times(Stepdefinition.java:133)
at âœ½.Approve the request 1 times(file:///Users/pablopena/eclipse-workspace/selenium-for-beginners/src/test/resources/Demo.feature:10)
]]>
    </error>
  </testcase> <!-- runScenario -->
  <system-out/>
</testsuite> <!-- runnerclass.TestRunnerDemo -->
